<?xml version="1.0" encoding="UTF-8"?>
<testng-results skipped="0" failed="0" total="2" passed="2">
  <reporter-output>
  </reporter-output>
  <suite name="Default suite" duration-ms="19451" started-at="2020-02-14T11:02:02Z" finished-at="2020-02-14T11:02:21Z">
    <groups>
    </groups>
    <test name="Default test" duration-ms="19451" started-at="2020-02-14T11:02:02Z" finished-at="2020-02-14T11:02:21Z">
      <class name="startbootstrap.project.RegisterStartbootstrap">
        <test-method status="PASS" signature="launchBrowser()[pri:0, instance:startbootstrap.project.RegisterStartbootstrap@cb5822]" name="launchBrowser" is-config="true" duration-ms="8253" started-at="2020-02-14T16:32:02Z" finished-at="2020-02-14T16:32:10Z">
          <reporter-output>
          </reporter-output>
        </test-method> <!-- launchBrowser -->
        <test-method status="PASS" signature="Login()[pri:0, instance:startbootstrap.project.RegisterStartbootstrap@cb5822]" name="Login" duration-ms="1747" started-at="2020-02-14T16:32:10Z" finished-at="2020-02-14T16:32:12Z">
          <reporter-output>
          </reporter-output>
        </test-method> <!-- Login -->
        <test-method status="PASS" signature="closeBrowser()[pri:0, instance:startbootstrap.project.RegisterStartbootstrap@cb5822]" name="closeBrowser" is-config="true" duration-ms="328" started-at="2020-02-14T16:32:12Z" finished-at="2020-02-14T16:32:12Z">
          <reporter-output>
          </reporter-output>
        </test-method> <!-- closeBrowser -->
        <test-method status="PASS" signature="launchBrowser()[pri:0, instance:startbootstrap.project.RegisterStartbootstrap@cb5822]" name="launchBrowser" is-config="true" duration-ms="6802" started-at="2020-02-14T16:32:12Z" finished-at="2020-02-14T16:32:19Z">
          <reporter-output>
          </reporter-output>
        </test-method> <!-- launchBrowser -->
        <test-method status="PASS" signature="Registration()[pri:0, instance:startbootstrap.project.RegisterStartbootstrap@cb5822]" name="Registration" duration-ms="2018" started-at="2020-02-14T16:32:19Z" finished-at="2020-02-14T16:32:21Z">
          <reporter-output>
          </reporter-output>
        </test-method> <!-- Registration -->
        <test-method status="PASS" signature="closeBrowser()[pri:0, instance:startbootstrap.project.RegisterStartbootstrap@cb5822]" name="closeBrowser" is-config="true" duration-ms="275" started-at="2020-02-14T16:32:21Z" finished-at="2020-02-14T16:32:21Z">
          <reporter-output>
          </reporter-output>
        </test-method> <!-- closeBrowser -->
      </class> <!-- startbootstrap.project.RegisterStartbootstrap -->
    </test> <!-- Default test -->
  </suite> <!-- Default suite -->
</testng-results>
